<?xml version="1.0" encoding="UTF-8"?>
<testsuite xmlns:xsi="http://www.w3.org/2001/XMLSchema-instance" xsi:noNamespaceSchemaLocation="https://maven.apache.org/surefire/maven-surefire-plugin/xsd/surefire-test-report-3.0.xsd" version="3.0" name="com.keycloackAdapter.KeycloackApplicationTests" time="15.43" tests="1" errors="0" skipped="0" failures="0">
  <properties>
[...]
</properties>
  <testcase name="contextLoads" classname="com.keycloackAdapter.KeycloackApplicationTests" time="0.811">
    <system-out><![CDATA[17:20:48.018 [main] DEBUG org.springframework.test.context.BootstrapUtils - Instantiating CacheAwareContextLoaderDelegate from class [org.springframework.test.context.cache.DefaultCacheAwareContextLoaderDelegate]
17:20:48.042 [main] DEBUG org.springframework.test.context.BootstrapUtils - Instantiating BootstrapContext using constructor [public org.springframework.test.context.support.DefaultBootstrapContext(java.lang.Class,org.springframework.test.context.CacheAwareContextLoaderDelegate)]
17:20:48.089 [main] DEBUG org.springframework.test.context.BootstrapUtils - Instantiating TestContextBootstrapper for test class [com.keycloackAdapter.KeycloackApplicationTests] from class [org.springframework.boot.test.context.SpringBootTestContextBootstrapper]
17:20:48.116 [main] INFO org.springframework.boot.test.context.SpringBootTestContextBootstrapper - Neither @ContextConfiguration nor @ContextHierarchy found for test class [com.keycloackAdapter.KeycloackApplicationTests], using SpringBootContextLoader
17:20:48.124 [main] DEBUG org.springframework.test.context.support.AbstractContextLoader - Did not detect default resource location for test class [com.keycloackAdapter.KeycloackApplicationTests]: class path resource [com/keycloackAdapter/KeycloackApplicationTests-context.xml] does not exist
17:20:48.125 [main] DEBUG org.springframework.test.context.support.AbstractContextLoader - Did not detect default resource location for test class [com.keycloackAdapter.KeycloackApplicationTests]: class path resource [com/keycloackAdapter/KeycloackApplicationTestsContext.groovy] does not exist
17:20:48.125 [main] INFO org.springframework.test.context.support.AbstractContextLoader - Could not detect default resource locations for test class [com.keycloackAdapter.KeycloackApplicationTests]: no resource found for suffixes {-context.xml, Context.groovy}.
17:20:48.126 [main] INFO org.springframework.test.context.support.AnnotationConfigContextLoaderUtils - Could not detect default configuration classes for test class [com.keycloackAdapter.KeycloackApplicationTests]: KeycloackApplicationTests does not declare any static, non-private, non-final, nested classes annotated with @Configuration.
17:20:48.233 [main] DEBUG org.springframework.test.context.support.ActiveProfilesUtils - Could not find an 'annotation declaring class' for annotation type [org.springframework.test.context.ActiveProfiles] and class [com.keycloackAdapter.KeycloackApplicationTests]
17:20:48.367 [main] DEBUG org.springframework.context.annotation.ClassPathScanningCandidateComponentProvider - Identified candidate component class: file [C:\Users\duglas\Desktop\Cursos Udemy\paymentchainparent\paymentchainparent\infraestructuradomain\keycloackAdapter\target\classes\com\keycloackAdapter\KeycloackApplication.class]
17:20:48.369 [main] INFO org.springframework.boot.test.context.SpringBootTestContextBootstrapper - Found @SpringBootConfiguration com.keycloackAdapter.KeycloackApplication for test class com.keycloackAdapter.KeycloackApplicationTests
17:20:48.553 [main] DEBUG org.springframework.boot.test.context.SpringBootTestContextBootstrapper - @TestExecutionListeners is not present for class [com.keycloackAdapter.KeycloackApplicationTests]: using defaults.
17:20:48.554 [main] INFO org.springframework.boot.test.context.SpringBootTestContextBootstrapper - Loaded default TestExecutionListener class names from location [META-INF/spring.factories]: [org.springframework.boot.test.mock.mockito.MockitoTestExecutionListener, org.springframework.boot.test.mock.mockito.ResetMocksTestExecutionListener, org.springframework.boot.test.autoconfigure.restdocs.RestDocsTestExecutionListener, org.springframework.boot.test.autoconfigure.web.client.MockRestServiceServerResetTestExecutionListener, org.springframework.boot.test.autoconfigure.web.servlet.MockMvcPrintOnlyOnFailureTestExecutionListener, org.springframework.boot.test.autoconfigure.web.servlet.WebDriverTestExecutionListener, org.springframework.boot.test.autoconfigure.webservices.client.MockWebServiceServerTestExecutionListener, org.springframework.test.context.web.ServletTestExecutionListener, org.springframework.test.context.support.DirtiesContextBeforeModesTestExecutionListener, org.springframework.test.context.support.DependencyInjectionTestExecutionListener, org.springframework.test.context.support.DirtiesContextTestExecutionListener, org.springframework.test.context.transaction.TransactionalTestExecutionListener, org.springframework.test.context.jdbc.SqlScriptsTestExecutionListener, org.springframework.test.context.event.EventPublishingTestExecutionListener]
17:20:48.574 [main] DEBUG org.springframework.boot.test.context.SpringBootTestContextBootstrapper - Skipping candidate TestExecutionListener [org.springframework.test.context.transaction.TransactionalTestExecutionListener] due to a missing dependency. Specify custom listener classes or make the default listener classes and their required dependencies available. Offending class: [org/springframework/transaction/interceptor/TransactionAttributeSource]
17:20:48.575 [main] DEBUG org.springframework.boot.test.context.SpringBootTestContextBootstrapper - Skipping candidate TestExecutionListener [org.springframework.test.context.jdbc.SqlScriptsTestExecutionListener] due to a missing dependency. Specify custom listener classes or make the default listener classes and their required dependencies available. Offending class: [org/springframework/transaction/interceptor/TransactionAttribute]
17:20:48.576 [main] INFO org.springframework.boot.test.context.SpringBootTestContextBootstrapper - Using TestExecutionListeners: [org.springframework.test.context.web.ServletTestExecutionListener@19ae6bb, org.springframework.test.context.support.DirtiesContextBeforeModesTestExecutionListener@10993713, org.springframework.boot.test.mock.mockito.MockitoTestExecutionListener@58359ebd, org.springframework.boot.test.autoconfigure.SpringBootDependencyInjectionTestExecutionListener@24b6b8f6, org.springframework.test.context.support.DirtiesContextTestExecutionListener@72cf2de5, org.springframework.test.context.event.EventPublishingTestExecutionListener@2bb7bd00, org.springframework.boot.test.mock.mockito.ResetMocksTestExecutionListener@5f031ebd, org.springframework.boot.test.autoconfigure.restdocs.RestDocsTestExecutionListener@4ee37ca3, org.springframework.boot.test.autoconfigure.web.client.MockRestServiceServerResetTestExecutionListener@45c8d09f, org.springframework.boot.test.autoconfigure.web.servlet.MockMvcPrintOnlyOnFailureTestExecutionListener@53812a9b, org.springframework.boot.test.autoconfigure.web.servlet.WebDriverTestExecutionListener@14b030a0, org.springframework.boot.test.autoconfigure.webservices.client.MockWebServiceServerTestExecutionListener@41e350f1]
17:20:48.581 [main] DEBUG org.springframework.test.context.support.AbstractDirtiesContextTestExecutionListener - Before test class: context [DefaultTestContext@662f5666 testClass = KeycloackApplicationTests, testInstance = [null], testMethod = [null], testException = [null], mergedContextConfiguration = [WebMergedContextConfiguration@fd8294b testClass = KeycloackApplicationTests, locations = '{}', classes = '{class com.keycloackAdapter.KeycloackApplication}', contextInitializerClasses = '[]', activeProfiles = '{}', propertySourceLocations = '{}', propertySourceProperties = '{org.springframework.boot.test.context.SpringBootTestContextBootstrapper=true}', contextCustomizers = set[org.springframework.boot.test.context.filter.ExcludeFilterContextCustomizer@59d4cd39, org.springframework.boot.test.json.DuplicateJsonObjectContextCustomizerFactory$DuplicateJsonObjectContextCustomizer@34f6515b, org.springframework.boot.test.mock.mockito.MockitoContextCustomizer@0, org.springframework.boot.test.web.client.TestRestTemplateContextCustomizer@4fbe37eb, org.springframework.boot.test.autoconfigure.properties.PropertyMappingContextCustomizer@0, org.springframework.boot.test.autoconfigure.web.servlet.WebDriverContextCustomizerFactory$Customizer@6304101a, org.springframework.boot.test.context.SpringBootTestArgs@1], resourceBasePath = 'src/main/webapp', contextLoader = 'org.springframework.boot.test.context.SpringBootContextLoader', parent = [null]], attributes = map['org.springframework.test.context.web.ServletTestExecutionListener.activateListener' -> true]], class annotated with @DirtiesContext [false] with mode [null].
17:20:48.641 [main] DEBUG org.springframework.test.context.support.TestPropertySourceUtils - Adding inlined properties to environment: {spring.jmx.enabled=false, org.springframework.boot.test.context.SpringBootTestContextBootstrapper=true}

  .   ____          _            __ _ _
 /\\ / ___'_ __ _ _(_)_ __  __ _ \ \ \ \
( ( )\___ | '_ | '_| | '_ \/ _` | \ \ \ \
 \\/  ___)| |_)| | | | | || (_| |  ) ) ) )
  '  |____| .__|_| |_|_| |_\__, | / / / /
 =========|_|==============|___/=/_/_/_/
 :: Spring Boot ::        (v2.3.4.RELEASE)

2024-02-10 17:20:52.835  INFO 7160 --- [           main] c.k.KeycloackApplicationTests            : No active profile set, falling back to default profiles: default
2024-02-10 17:20:54.344  WARN 7160 --- [           main] o.s.boot.actuate.endpoint.EndpointId     : Endpoint ID 'service-registry' contains invalid characters, please migrate to a valid format.
2024-02-10 17:20:54.620  INFO 7160 --- [           main] o.s.cloud.context.scope.GenericScope     : BeanFactory id=f6e16916-6881-3fbc-8a59-98afa278bfa7
2024-02-10 17:20:55.252  WARN 7160 --- [           main] c.n.c.sources.URLConfigurationSource     : No URLs will be polled as dynamic configuration sources.
2024-02-10 17:20:55.252  INFO 7160 --- [           main] c.n.c.sources.URLConfigurationSource     : To enable URLs as dynamic configuration sources, define System property archaius.configurationSource.additionalUrls or make config.properties available on classpath.
2024-02-10 17:20:55.259  WARN 7160 --- [           main] c.n.c.sources.URLConfigurationSource     : No URLs will be polled as dynamic configuration sources.
2024-02-10 17:20:55.259  INFO 7160 --- [           main] c.n.c.sources.URLConfigurationSource     : To enable URLs as dynamic configuration sources, define System property archaius.configurationSource.additionalUrls or make config.properties available on classpath.
2024-02-10 17:20:56.201  INFO 7160 --- [           main] o.s.s.concurrent.ThreadPoolTaskExecutor  : Initializing ExecutorService 'applicationTaskExecutor'
2024-02-10 17:20:58.085  INFO 7160 --- [           main] o.s.cloud.commons.util.InetUtils         : Cannot determine local hostname
2024-02-10 17:21:00.020  INFO 7160 --- [           main] o.s.cloud.commons.util.InetUtils         : Cannot determine local hostname
2024-02-10 17:21:00.044  INFO 7160 --- [           main] DiscoveryClientOptionalArgsConfiguration : Eureka HTTP Client uses Jersey
2024-02-10 17:21:00.182  WARN 7160 --- [           main] ockingLoadBalancerClientRibbonWarnLogger : You already have RibbonLoadBalancerClient on your classpath. It will be used by default. As Spring Cloud Ribbon is in maintenance mode. We recommend switching to BlockingLoadBalancerClient instead. In order to use it, set the value of `spring.cloud.loadbalancer.ribbon.enabled` to `false` or remove spring-cloud-starter-netflix-ribbon from your project.
2024-02-10 17:21:00.320  INFO 7160 --- [           main] o.s.b.a.e.web.EndpointLinksResolver      : Exposing 2 endpoint(s) beneath base path '/actuator'
2024-02-10 17:21:00.402  INFO 7160 --- [           main] o.s.c.n.eureka.InstanceInfoFactory       : Setting initial instance status as: STARTING
2024-02-10 17:21:00.544  INFO 7160 --- [           main] com.netflix.discovery.DiscoveryClient    : Initializing Eureka in region us-east-1
2024-02-10 17:21:01.124  INFO 7160 --- [           main] c.n.d.provider.DiscoveryJerseyProvider   : Using JSON encoding codec LegacyJacksonJson
2024-02-10 17:21:01.124  INFO 7160 --- [           main] c.n.d.provider.DiscoveryJerseyProvider   : Using JSON decoding codec LegacyJacksonJson
2024-02-10 17:21:01.459  INFO 7160 --- [           main] c.n.d.provider.DiscoveryJerseyProvider   : Using XML encoding codec XStreamXml
2024-02-10 17:21:01.460  INFO 7160 --- [           main] c.n.d.provider.DiscoveryJerseyProvider   : Using XML decoding codec XStreamXml
2024-02-10 17:21:01.741  INFO 7160 --- [           main] c.n.d.s.r.aws.ConfigClusterResolver      : Resolving eureka endpoints via configuration
2024-02-10 17:21:02.023  INFO 7160 --- [           main] com.netflix.discovery.DiscoveryClient    : Disable delta property : false
2024-02-10 17:21:02.023  INFO 7160 --- [           main] com.netflix.discovery.DiscoveryClient    : Single vip registry refresh property : null
2024-02-10 17:21:02.023  INFO 7160 --- [           main] com.netflix.discovery.DiscoveryClient    : Force full registry fetch : false
2024-02-10 17:21:02.023  INFO 7160 --- [           main] com.netflix.discovery.DiscoveryClient    : Application is null : false
2024-02-10 17:21:02.023  INFO 7160 --- [           main] com.netflix.discovery.DiscoveryClient    : Registered Applications size is zero : true
2024-02-10 17:21:02.023  INFO 7160 --- [           main] com.netflix.discovery.DiscoveryClient    : Application version is -1: true
2024-02-10 17:21:02.024  INFO 7160 --- [           main] com.netflix.discovery.DiscoveryClient    : Getting all instance registry info from the eureka server
2024-02-10 17:21:02.397  INFO 7160 --- [           main] com.netflix.discovery.DiscoveryClient    : The response status is 200
2024-02-10 17:21:02.402  INFO 7160 --- [           main] com.netflix.discovery.DiscoveryClient    : Starting heartbeat executor: renew interval is: 30
2024-02-10 17:21:02.407  INFO 7160 --- [           main] c.n.discovery.InstanceInfoReplicator     : InstanceInfoReplicator onDemand update allowed rate per min is 4
2024-02-10 17:21:02.412  INFO 7160 --- [           main] com.netflix.discovery.DiscoveryClient    : Discovery Client initialized at timestamp 1707607262410 with initial instances count: 6
2024-02-10 17:21:02.420  INFO 7160 --- [           main] o.s.c.n.e.s.EurekaServiceRegistry        : Registering application KEYCLOAK with eureka with status UP
2024-02-10 17:21:02.421  INFO 7160 --- [           main] com.netflix.discovery.DiscoveryClient    : Saw local status change event StatusChangeEvent [timestamp=1707607262421, current=UP, previous=STARTING]
2024-02-10 17:21:02.424  INFO 7160 --- [nfoReplicator-0] com.netflix.discovery.DiscoveryClient    : DiscoveryClient_KEYCLOAK/localhost:keycloak:8088: registering service...
2024-02-10 17:21:02.451  INFO 7160 --- [           main] c.k.KeycloackApplicationTests            : Started KeycloackApplicationTests in 13.792 seconds (JVM running for 15.889)
2024-02-10 17:21:02.501  INFO 7160 --- [nfoReplicator-0] com.netflix.discovery.DiscoveryClient    : DiscoveryClient_KEYCLOAK/localhost:keycloak:8088 - registration status: 204
]]></system-out>
  </testcase>
</testsuite>