<?xml version="1.0" encoding="UTF-8"?>
<testsuite xmlns:xsi="http://www.w3.org/2001/XMLSchema-instance" xsi:noNamespaceSchemaLocation="https://maven.apache.org/surefire/maven-surefire-plugin/xsd/surefire-test-report-3.0.xsd" version="3.0" name="com.paymentchain.eurekaserver.EurekaserverApplicationTests" time="30.146" tests="1" errors="0" skipped="0" failures="0">
  <properties>
[...]
</properties>
  <testcase name="contextLoads" classname="com.paymentchain.eurekaserver.EurekaserverApplicationTests" time="0.792">
    <system-out><![CDATA[15:52:58.720 [main] DEBUG org.springframework.test.context.BootstrapUtils - Instantiating CacheAwareContextLoaderDelegate from class [org.springframework.test.context.cache.DefaultCacheAwareContextLoaderDelegate]
15:52:58.840 [main] DEBUG org.springframework.test.context.BootstrapUtils - Instantiating BootstrapContext using constructor [public org.springframework.test.context.support.DefaultBootstrapContext(java.lang.Class,org.springframework.test.context.CacheAwareContextLoaderDelegate)]
15:52:59.076 [main] DEBUG org.springframework.test.context.BootstrapUtils - Instantiating TestContextBootstrapper for test class [com.paymentchain.eurekaserver.EurekaserverApplicationTests] from class [org.springframework.boot.test.context.SpringBootTestContextBootstrapper]
15:52:59.191 [main] INFO org.springframework.boot.test.context.SpringBootTestContextBootstrapper - Neither @ContextConfiguration nor @ContextHierarchy found for test class [com.paymentchain.eurekaserver.EurekaserverApplicationTests], using SpringBootContextLoader
15:52:59.240 [main] DEBUG org.springframework.test.context.support.AbstractContextLoader - Did not detect default resource location for test class [com.paymentchain.eurekaserver.EurekaserverApplicationTests]: class path resource [com/paymentchain/eurekaserver/EurekaserverApplicationTests-context.xml] does not exist
15:52:59.242 [main] DEBUG org.springframework.test.context.support.AbstractContextLoader - Did not detect default resource location for test class [com.paymentchain.eurekaserver.EurekaserverApplicationTests]: class path resource [com/paymentchain/eurekaserver/EurekaserverApplicationTestsContext.groovy] does not exist
15:52:59.242 [main] INFO org.springframework.test.context.support.AbstractContextLoader - Could not detect default resource locations for test class [com.paymentchain.eurekaserver.EurekaserverApplicationTests]: no resource found for suffixes {-context.xml, Context.groovy}.
15:52:59.246 [main] INFO org.springframework.test.context.support.AnnotationConfigContextLoaderUtils - Could not detect default configuration classes for test class [com.paymentchain.eurekaserver.EurekaserverApplicationTests]: EurekaserverApplicationTests does not declare any static, non-private, non-final, nested classes annotated with @Configuration.
15:52:59.446 [main] DEBUG org.springframework.test.context.support.ActiveProfilesUtils - Could not find an 'annotation declaring class' for annotation type [org.springframework.test.context.ActiveProfiles] and class [com.paymentchain.eurekaserver.EurekaserverApplicationTests]
15:52:59.725 [main] DEBUG org.springframework.context.annotation.ClassPathScanningCandidateComponentProvider - Identified candidate component class: file [C:\Users\duglas\Desktop\Cursos Udemy\paymentchainparent\paymentchainparent\infraestructuradomain\eureka\target\classes\com\paymentchain\eurekaserver\EurekaserverApplication.class]
15:52:59.729 [main] INFO org.springframework.boot.test.context.SpringBootTestContextBootstrapper - Found @SpringBootConfiguration com.paymentchain.eurekaserver.EurekaserverApplication for test class com.paymentchain.eurekaserver.EurekaserverApplicationTests
15:53:00.497 [main] DEBUG org.springframework.boot.test.context.SpringBootTestContextBootstrapper - @TestExecutionListeners is not present for class [com.paymentchain.eurekaserver.EurekaserverApplicationTests]: using defaults.
15:53:00.498 [main] INFO org.springframework.boot.test.context.SpringBootTestContextBootstrapper - Loaded default TestExecutionListener class names from location [META-INF/spring.factories]: [org.springframework.boot.test.mock.mockito.MockitoTestExecutionListener, org.springframework.boot.test.mock.mockito.ResetMocksTestExecutionListener, org.springframework.boot.test.autoconfigure.restdocs.RestDocsTestExecutionListener, org.springframework.boot.test.autoconfigure.web.client.MockRestServiceServerResetTestExecutionListener, org.springframework.boot.test.autoconfigure.web.servlet.MockMvcPrintOnlyOnFailureTestExecutionListener, org.springframework.boot.test.autoconfigure.web.servlet.WebDriverTestExecutionListener, org.springframework.boot.test.autoconfigure.webservices.client.MockWebServiceServerTestExecutionListener, org.springframework.test.context.web.ServletTestExecutionListener, org.springframework.test.context.support.DirtiesContextBeforeModesTestExecutionListener, org.springframework.test.context.support.DependencyInjectionTestExecutionListener, org.springframework.test.context.support.DirtiesContextTestExecutionListener, org.springframework.test.context.transaction.TransactionalTestExecutionListener, org.springframework.test.context.jdbc.SqlScriptsTestExecutionListener, org.springframework.test.context.event.EventPublishingTestExecutionListener]
15:53:00.550 [main] DEBUG org.springframework.boot.test.context.SpringBootTestContextBootstrapper - Skipping candidate TestExecutionListener [org.springframework.test.context.transaction.TransactionalTestExecutionListener] due to a missing dependency. Specify custom listener classes or make the default listener classes and their required dependencies available. Offending class: [org/springframework/transaction/interceptor/TransactionAttributeSource]
15:53:00.552 [main] DEBUG org.springframework.boot.test.context.SpringBootTestContextBootstrapper - Skipping candidate TestExecutionListener [org.springframework.test.context.jdbc.SqlScriptsTestExecutionListener] due to a missing dependency. Specify custom listener classes or make the default listener classes and their required dependencies available. Offending class: [org/springframework/transaction/interceptor/TransactionAttribute]
15:53:00.553 [main] INFO org.springframework.boot.test.context.SpringBootTestContextBootstrapper - Using TestExecutionListeners: [org.springframework.test.context.web.ServletTestExecutionListener@40c80397, org.springframework.test.context.support.DirtiesContextBeforeModesTestExecutionListener@4b672daa, org.springframework.boot.test.mock.mockito.MockitoTestExecutionListener@ea9b7c6, org.springframework.boot.test.autoconfigure.SpringBootDependencyInjectionTestExecutionListener@e077866, org.springframework.test.context.support.DirtiesContextTestExecutionListener@ed3068a, org.springframework.test.context.event.EventPublishingTestExecutionListener@7c2b6087, org.springframework.boot.test.mock.mockito.ResetMocksTestExecutionListener@3fffff43, org.springframework.boot.test.autoconfigure.restdocs.RestDocsTestExecutionListener@a8e6492, org.springframework.boot.test.autoconfigure.web.client.MockRestServiceServerResetTestExecutionListener@1c7fd41f, org.springframework.boot.test.autoconfigure.web.servlet.MockMvcPrintOnlyOnFailureTestExecutionListener@3b77a04f, org.springframework.boot.test.autoconfigure.web.servlet.WebDriverTestExecutionListener@7b324585, org.springframework.boot.test.autoconfigure.webservices.client.MockWebServiceServerTestExecutionListener@2e11485]
15:53:00.565 [main] DEBUG org.springframework.test.context.support.AbstractDirtiesContextTestExecutionListener - Before test class: context [DefaultTestContext@5b07730f testClass = EurekaserverApplicationTests, testInstance = [null], testMethod = [null], testException = [null], mergedContextConfiguration = [WebMergedContextConfiguration@1fdfafd2 testClass = EurekaserverApplicationTests, locations = '{}', classes = '{class com.paymentchain.eurekaserver.EurekaserverApplication}', contextInitializerClasses = '[]', activeProfiles = '{}', propertySourceLocations = '{}', propertySourceProperties = '{org.springframework.boot.test.context.SpringBootTestContextBootstrapper=true}', contextCustomizers = set[org.springframework.boot.test.context.filter.ExcludeFilterContextCustomizer@14fa86ae, org.springframework.boot.test.json.DuplicateJsonObjectContextCustomizerFactory$DuplicateJsonObjectContextCustomizer@1722011b, org.springframework.boot.test.mock.mockito.MockitoContextCustomizer@0, org.springframework.boot.test.web.client.TestRestTemplateContextCustomizer@31920ade, org.springframework.boot.test.autoconfigure.properties.PropertyMappingContextCustomizer@0, org.springframework.boot.test.autoconfigure.web.servlet.WebDriverContextCustomizerFactory$Customizer@6aa61224, org.springframework.boot.test.context.SpringBootTestArgs@1], resourceBasePath = 'src/main/webapp', contextLoader = 'org.springframework.boot.test.context.SpringBootContextLoader', parent = [null]], attributes = map['org.springframework.test.context.web.ServletTestExecutionListener.activateListener' -> true]], class annotated with @DirtiesContext [false] with mode [null].
15:53:00.853 [main] DEBUG org.springframework.test.context.support.TestPropertySourceUtils - Adding inlined properties to environment: {spring.jmx.enabled=false, org.springframework.boot.test.context.SpringBootTestContextBootstrapper=true}

  .   ____          _            __ _ _
 /\\ / ___'_ __ _ _(_)_ __  __ _ \ \ \ \
( ( )\___ | '_ | '_| | '_ \/ _` | \ \ \ \
 \\/  ___)| |_)| | | | | || (_| |  ) ) ) )
  '  |____| .__|_| |_|_| |_\__, | / / / /
 =========|_|==============|___/=/_/_/_/
 :: Spring Boot ::        (v2.3.4.RELEASE)

2024-02-10 15:53:12.394  INFO 15060 --- [           main] c.p.e.EurekaserverApplicationTests       : No active profile set, falling back to default profiles: default
2024-02-10 15:53:15.396  WARN 15060 --- [           main] o.s.boot.actuate.endpoint.EndpointId     : Endpoint ID 'service-registry' contains invalid characters, please migrate to a valid format.
2024-02-10 15:53:15.982  INFO 15060 --- [           main] o.s.cloud.context.scope.GenericScope     : BeanFactory id=b9b589ca-942c-3b4e-a221-2eb6eec39d3c
2024-02-10 15:53:17.485  WARN 15060 --- [           main] c.n.c.sources.URLConfigurationSource     : No URLs will be polled as dynamic configuration sources.
2024-02-10 15:53:17.485  INFO 15060 --- [           main] c.n.c.sources.URLConfigurationSource     : To enable URLs as dynamic configuration sources, define System property archaius.configurationSource.additionalUrls or make config.properties available on classpath.
2024-02-10 15:53:17.513  WARN 15060 --- [           main] c.n.c.sources.URLConfigurationSource     : No URLs will be polled as dynamic configuration sources.
2024-02-10 15:53:17.514  INFO 15060 --- [           main] c.n.c.sources.URLConfigurationSource     : To enable URLs as dynamic configuration sources, define System property archaius.configurationSource.additionalUrls or make config.properties available on classpath.
2024-02-10 15:53:19.821  INFO 15060 --- [           main] o.s.s.concurrent.ThreadPoolTaskExecutor  : Initializing ExecutorService 'applicationTaskExecutor'
2024-02-10 15:53:23.218  INFO 15060 --- [           main] o.s.cloud.commons.util.InetUtils         : Cannot determine local hostname
2024-02-10 15:53:25.860  INFO 15060 --- [           main] o.s.cloud.commons.util.InetUtils         : Cannot determine local hostname
2024-02-10 15:53:25.887  INFO 15060 --- [           main] DiscoveryClientOptionalArgsConfiguration : Eureka HTTP Client uses Jersey
2024-02-10 15:53:26.040  WARN 15060 --- [           main] ockingLoadBalancerClientRibbonWarnLogger : You already have RibbonLoadBalancerClient on your classpath. It will be used by default. As Spring Cloud Ribbon is in maintenance mode. We recommend switching to BlockingLoadBalancerClient instead. In order to use it, set the value of `spring.cloud.loadbalancer.ribbon.enabled` to `false` or remove spring-cloud-starter-netflix-ribbon from your project.
2024-02-10 15:53:26.703  INFO 15060 --- [           main] o.s.c.n.eureka.InstanceInfoFactory       : Setting initial instance status as: STARTING
2024-02-10 15:53:26.775  INFO 15060 --- [           main] com.netflix.discovery.DiscoveryClient    : Initializing Eureka in region us-east-1
2024-02-10 15:53:26.778  INFO 15060 --- [           main] com.netflix.discovery.DiscoveryClient    : Client configured to neither register nor query for data.
2024-02-10 15:53:26.796  INFO 15060 --- [           main] com.netflix.discovery.DiscoveryClient    : Discovery Client initialized at timestamp 1707602006793 with initial instances count: 0
2024-02-10 15:53:26.901  INFO 15060 --- [           main] c.n.eureka.DefaultEurekaServerContext    : Initializing ...
2024-02-10 15:53:26.906  WARN 15060 --- [           main] c.n.eureka.cluster.PeerEurekaNodes       : The replica size seems to be empty. Check the route 53 DNS Registry
2024-02-10 15:53:27.051  INFO 15060 --- [           main] c.n.e.registry.AbstractInstanceRegistry  : Finished initializing remote region registries. All known remote regions: []
2024-02-10 15:53:27.053  INFO 15060 --- [           main] c.n.eureka.DefaultEurekaServerContext    : Initialized
2024-02-10 15:53:27.407  INFO 15060 --- [           main] o.s.b.a.e.web.EndpointLinksResolver      : Exposing 17 endpoint(s) beneath base path '/actuator'
2024-02-10 15:53:27.505  INFO 15060 --- [           main] o.s.c.n.e.s.EurekaServiceRegistry        : Registering application EUREKA-SERVER with eureka with status UP
2024-02-10 15:53:27.508  INFO 15060 --- [      Thread-12] o.s.c.n.e.server.EurekaServerBootstrap   : Setting the eureka configuration..
2024-02-10 15:53:27.511  INFO 15060 --- [      Thread-12] o.s.c.n.e.server.EurekaServerBootstrap   : Eureka data center value eureka.datacenter is not set, defaulting to default
2024-02-10 15:53:27.512  INFO 15060 --- [      Thread-12] o.s.c.n.e.server.EurekaServerBootstrap   : Eureka environment value eureka.environment is not set, defaulting to test
2024-02-10 15:53:27.530  INFO 15060 --- [           main] c.p.e.EurekaserverApplicationTests       : Started EurekaserverApplicationTests in 26.627 seconds (JVM running for 32.851)
2024-02-10 15:53:27.531  INFO 15060 --- [      Thread-12] o.s.c.n.e.server.EurekaServerBootstrap   : isAws returned false
2024-02-10 15:53:27.532  INFO 15060 --- [      Thread-12] o.s.c.n.e.server.EurekaServerBootstrap   : Initialized server context
2024-02-10 15:53:27.532  INFO 15060 --- [      Thread-12] c.n.e.r.PeerAwareInstanceRegistryImpl    : Got 1 instances from neighboring DS node
2024-02-10 15:53:27.532  INFO 15060 --- [      Thread-12] c.n.e.r.PeerAwareInstanceRegistryImpl    : Renew threshold is: 1
2024-02-10 15:53:27.532  INFO 15060 --- [      Thread-12] c.n.e.r.PeerAwareInstanceRegistryImpl    : Changing status to UP
2024-02-10 15:53:27.553  INFO 15060 --- [      Thread-12] e.s.EurekaServerInitializerConfiguration : Started Eureka Server
]]></system-out>
  </testcase>
</testsuite>